set ucliGUI::state
set ucliGUI::state
ucliCore::getToolPID
synopsys::env hasTB
trigger_hier_stack_context_switch 0
synopsys::xml set_array_limit <data limit="50" />
synopsys::xml set_depth_limit <data limit="100" />
synopsys::xml set_string_limit <data limit="1000" />
synopsys::xml set_only_active_frame <data value="1" />
synopsys::xml set_variable_frame_id <data value="1" />
synUtils::setDVEInitPhase 1
synopsys::dump -type VPD -file /home/mahammadshahid.shaikh/Desktop/TDP_RAM/TDP-RAM-UVC/Development/SIM/inter.vpd -locking
synopsys::dump -autoflush on -fid VPD0
set ::dve_fid VPD0
synUtils::setDVEInitPhase 0
ucliCore::getToolPID
synUtils::sendTool -active _icl_setToolSocket /tmp/smlnpUuBDTx
synUtils::sendTool -active {_icl_start_rpc -version "S-2021.09-SP2-8_Full64" -sync_file /tmp/vcs_dve_rpc.mahammadshahid.shaikh.31394}
synUtils::sendTool -active {_icl_createSharedMemory /tmp/vcs_dve_general.mahammadshahid.shaikh.31394}
config endofsim noexit
config onfail enable all
config syscaddplainmembers
config syscaddsourcenames
config syscaddstructtypes
synopsys::listing -disable
synopsys::dump -add {ei_tdp_ram_top.pif} -aggregates  -fid VPD0
synopsys::dump -add {ei_tdp_ram_top.binding_file} -scope "." -depth 1 -fid VPD0
synopsys::run
set ucliGUI::state
set ucliGUI::state
set ucliGUI::state
set ucliGUI::state
if [catch {gui_sim_terminate}] {gui_sim_terminate -kill}
synopsys::finish
set ucliGUI::state
set ucliGUI::state
ucli_exit
