# Preference setting overrides
gui_create_pref_key -category {Globals} -key {load_detail_for_funcov} -value_type {bool} -value {false}
gui_create_pref_category -category {schem_obj_name}
gui_create_pref_key -category {schem_obj_name} -key {show_cell_and_pin_with_symbol_name} -value_type {bool} -value {false}
gui_create_pref_key -category {schem_pin_hc} -key {textExtFont} -value_type {string} -value {Helvetica,10,-1,5,50,0,0,0,0,0}

# State setting overrides
gui_state_default_create -off -ini
gui_set_state_value -category Globals -key recent_sessions -value {{gui_load_session -ignore_errors -file /home/mahammadshahid.shaikh/Desktop/Verilog_Project/design1/DVEfiles/dve_checkpoint_11711_1.tcl}}
gui_set_state_value -category Layout -key child_console_size_x -value 1919
gui_set_state_value -category Layout -key child_console_size_y -value 220
gui_set_state_value -category Layout -key child_data_size_x -value 105
gui_set_state_value -category Layout -key child_data_size_y -value 649
gui_set_state_value -category Layout -key child_hier_col3 -value {-1}
gui_set_state_value -category Layout -key child_hier_colhier -value 216
gui_set_state_value -category Layout -key child_hier_colpd -value 0
gui_set_state_value -category Layout -key child_hier_size_x -value 105
gui_set_state_value -category Layout -key child_hier_size_y -value 649
gui_set_state_value -category Layout -key child_list_down -value 719
gui_set_state_value -category Layout -key child_list_right -value 1764
gui_set_state_value -category Layout -key child_schematic_docknewline -value false
gui_set_state_value -category Layout -key child_schematic_pos_x -value {-2}
gui_set_state_value -category Layout -key child_schematic_pos_y -value {-15}
gui_set_state_value -category Layout -key child_schematic_size_x -value 1565
gui_set_state_value -category Layout -key child_schematic_size_y -value 710
gui_set_state_value -category Layout -key child_source_docknewline -value false
gui_set_state_value -category Layout -key child_source_pos_x -value {-2}
gui_set_state_value -category Layout -key child_source_pos_y -value {-15}
gui_set_state_value -category Layout -key child_source_size_x -value 1712
gui_set_state_value -category Layout -key child_source_size_y -value 644
gui_set_state_value -category Layout -key child_wave_colname -value 276
gui_set_state_value -category Layout -key child_wave_colvalue -value 276
gui_set_state_value -category Layout -key child_wave_left -value 557
gui_set_state_value -category Layout -key child_wave_right -value 1357
gui_set_state_value -category Layout -key main_pos_x -value 1
gui_set_state_value -category Layout -key main_pos_y -value 38
gui_set_state_value -category Layout -key main_size_x -value 1920
gui_set_state_value -category Layout -key main_size_y -value 1014
gui_set_state_value -category Layout -key stand_list_child_pos_x -value {-2}
gui_set_state_value -category Layout -key stand_list_child_pos_y -value {-15}
gui_set_state_value -category Layout -key stand_list_child_size_x -value 1924
gui_set_state_value -category Layout -key stand_list_child_size_y -value 864
gui_set_state_value -category Layout -key stand_list_top_pos_y -value 65
gui_set_state_value -category Layout -key stand_list_top_size_x -value 2419
gui_set_state_value -category Layout -key stand_list_top_size_y -value 1041
gui_set_state_value -category Layout -key stand_wave_child_docknewline -value false
gui_set_state_value -category Layout -key stand_wave_child_pos_x -value {-2}
gui_set_state_value -category Layout -key stand_wave_child_pos_y -value {-15}
gui_set_state_value -category Layout -key stand_wave_child_size_x -value 1924
gui_set_state_value -category Layout -key stand_wave_child_size_y -value 864
gui_set_state_value -category Layout -key stand_wave_top_pos_x -value 60
gui_set_state_value -category Layout -key stand_wave_top_pos_y -value 66
gui_set_state_value -category Layout -key stand_wave_top_size_x -value 1979
gui_set_state_value -category Layout -key stand_wave_top_size_y -value 1042
gui_create_state_key -category FindDialog -key m_pMatchCase -value_type bool -value false
gui_create_state_key -category FindDialog -key m_pMatchWord -value_type bool -value false
gui_create_state_key -category FindDialog -key m_pUseCombo -value_type string -value {}
gui_create_state_key -category FindDialog -key m_pWrapAround -value_type bool -value true
gui_create_state_key -category Widget_History -key TopLevel.2|EkTopVbox|wndWorkspace|qt_workspacechild2|Wave.1|dlgGridProperty|m_RangeGroup|m_RangeBetweenComboBox -value_type string -value 0
gui_create_state_key -category Widget_History -key dlgDumpValues|m_Combo -value_type string -value {ei_ram_top.DUT.mem {ei_axi_top ei_axi_top.dut ei_axi_top.intrf ei_axi_top.intrf.MASTER ei_axi_top.intrf.MONITOR ei_axi_top.intrf.SLAVE ei_axi_top.intrf.master_cb ei_axi_top.intrf.monitor_cb ei_axi_top.intrf.slave_cb _vcs_unit__1186405286} {top top.DUT1 top.TB1 top.intrf}}
gui_state_default_create -off

# Begin command logging
gui_set_pref_value -category {Globals} -key {smart_resize} -value {false}
gui_set_pref_value -category {Globals} -key {smart_resize} -value {true}
gui_sim_run Ucli -exe ./simv -args {-ucligui  +UVM_TESTNAME=ei_tdp_ram_reset_test_c +UVM_VERBOSITY=FULL} -dir .
gui_list_expand -id  Hier.1   ei_tdp_ram_top
gui_list_select -id Hier.1 -current_item_name ei_tdp_ram_top.pif -current_item_type Scope  -selected  { ei_tdp_ram_top.pif   }
gui_open_window Wave
gui_list_add -id Wave.1 -from Hier.1 { ei_tdp_ram_top.pif } -insertionbar
gui_wv_zoom_timerange -id  Wave.1 0 445
gui_sim_continue  
gui_zoom -window Wave.1 -full
gui_list_select -id Wave.1 -selected  { ei_tdp_ram_top.pif.we_b   }
gui_list_move  -id  Wave.1    -sid  Wave.1   -after {ei_tdp_ram_top.pif.addr_a[9:0]} {{ei_tdp_ram_top.pif.we_b}} 
gui_list_select -id Wave.1 -selected  { {ei_tdp_ram_top.pif.out_a[7:0]}   }
gui_list_move  -id  Wave.1    -sid  Wave.1   -after {ei_tdp_ram_top.pif.data_b[7:0]} {{ei_tdp_ram_top.pif.out_a[7:0]}} 
gui_list_select -id Wave.1 -selected  { {ei_tdp_ram_top.pif.data_b[7:0]}   }
gui_list_move  -id  Wave.1    -sid  Wave.1   -after {ei_tdp_ram_top.pif.addr_b[9:0]} {{ei_tdp_ram_top.pif.data_b[7:0]}} 
gui_list_select -id Wave.1 -selected  {  }
gui_marker_move -id  Wave.1 C1 70
gui_marker_move -id  Wave.1 C1 90
gui_marker_move -id  Wave.1 C1 110
gui_marker_move -id  Wave.1 C1 130
gui_marker_move -id  Wave.1 C1 150
gui_marker_move -id  Wave.1 C1 190
gui_marker_move -id  Wave.1 C1 209
gui_marker_move -id  Wave.1 C1 210
gui_close_window -window TopLevel.2
